[0.294s] Invoking command in '/pez_ws/build/pez_control': PYTHONPATH=/pez_ws/build/pez_control/prefix_override:/usr/lib/python3/dist-packages/colcon_core/task/python/colcon_distutils_commands:/pez_ws/install/pez_control/lib/python3.10/site-packages:${PYTHONPATH} /usr/bin/python3 -W ignore:setup.py install is deprecated -W ignore:easy_install command is deprecated setup.py develop --editable --build-directory /pez_ws/build/pez_control/build --no-deps symlink_data
[0.426s] running develop
[0.482s] running egg_info
[0.483s] writing pez_control.egg-info/PKG-INFO
[0.483s] writing dependency_links to pez_control.egg-info/dependency_links.txt
[0.484s] writing entry points to pez_control.egg-info/entry_points.txt
[0.484s] writing requirements to pez_control.egg-info/requires.txt
[0.484s] writing top-level names to pez_control.egg-info/top_level.txt
[0.486s] reading manifest file 'pez_control.egg-info/SOURCES.txt'
[0.487s] writing manifest file 'pez_control.egg-info/SOURCES.txt'
[0.488s] running build_ext
[0.488s] Creating /pez_ws/install/pez_control/lib/python3.10/site-packages/pez-control.egg-link (link to .)
[0.489s] Installing axis_controller script to /pez_ws/install/pez_control/lib/pez_control
[0.490s] Installing joy_node script to /pez_ws/install/pez_control/lib/pez_control
[0.490s] Installing pez_services script to /pez_ws/install/pez_control/lib/pez_control
[0.491s] 
[0.491s] Installed /pez_ws/build/pez_control
[0.491s] running symlink_data
[0.493s] symbolically linking /pez_ws/build/pez_control/launch/full_test.launch.py -> /pez_ws/install/pez_control/share/pez_control/launch
[0.508s] Invoked command in '/pez_ws/build/pez_control' returned '0': PYTHONPATH=/pez_ws/build/pez_control/prefix_override:/usr/lib/python3/dist-packages/colcon_core/task/python/colcon_distutils_commands:/pez_ws/install/pez_control/lib/python3.10/site-packages:${PYTHONPATH} /usr/bin/python3 -W ignore:setup.py install is deprecated -W ignore:easy_install command is deprecated setup.py develop --editable --build-directory /pez_ws/build/pez_control/build --no-deps symlink_data
