running egg_info
writing ../../build/pez_control/pez_control.egg-info/PKG-INFO
writing dependency_links to ../../build/pez_control/pez_control.egg-info/dependency_links.txt
writing entry points to ../../build/pez_control/pez_control.egg-info/entry_points.txt
writing requirements to ../../build/pez_control/pez_control.egg-info/requires.txt
writing top-level names to ../../build/pez_control/pez_control.egg-info/top_level.txt
reading manifest file '../../build/pez_control/pez_control.egg-info/SOURCES.txt'
writing manifest file '../../build/pez_control/pez_control.egg-info/SOURCES.txt'
running build
running build_py
running install
running install_lib
running install_data
copying config/joystick_params.yaml -> /pez_ws/install/pez_control/share/pez_control/config
running install_egg_info
removing '/pez_ws/install/pez_control/lib/python3.10/site-packages/pez_control-0.1.0-py3.10.egg-info' (and everything under it)
Copying ../../build/pez_control/pez_control.egg-info to /pez_ws/install/pez_control/lib/python3.10/site-packages/pez_control-0.1.0-py3.10.egg-info
running install_scripts
Installing axis_controller script to /pez_ws/install/pez_control/lib/pez_control
Installing joy_node script to /pez_ws/install/pez_control/lib/pez_control
writing list of installed files to '/pez_ws/build/pez_control/install.log'
