running develop
Removing /pez_ws/install/pez_control/lib/python3.10/site-packages/pez-control.egg-link (link to .)
running egg_info
writing ../../build/pez_control/pez_control.egg-info/PKG-INFO
writing dependency_links to ../../build/pez_control/pez_control.egg-info/dependency_links.txt
writing entry points to ../../build/pez_control/pez_control.egg-info/entry_points.txt
writing requirements to ../../build/pez_control/pez_control.egg-info/requires.txt
writing top-level names to ../../build/pez_control/pez_control.egg-info/top_level.txt
reading manifest file '../../build/pez_control/pez_control.egg-info/SOURCES.txt'
writing manifest file '../../build/pez_control/pez_control.egg-info/SOURCES.txt'
running build
running build_py
copying pez_control/pez_joy.py -> /pez_ws/build/pez_control/build/lib/pez_control
copying pez_control/pez_axis_controller.py -> /pez_ws/build/pez_control/build/lib/pez_control
running install
running install_lib
creating /pez_ws/install/pez_control/lib/python3.10/site-packages/pez_control
copying /pez_ws/build/pez_control/build/lib/pez_control/__init__.py -> /pez_ws/install/pez_control/lib/python3.10/site-packages/pez_control
copying /pez_ws/build/pez_control/build/lib/pez_control/pez_joy.py -> /pez_ws/install/pez_control/lib/python3.10/site-packages/pez_control
copying /pez_ws/build/pez_control/build/lib/pez_control/pez_axis_controller.py -> /pez_ws/install/pez_control/lib/python3.10/site-packages/pez_control
byte-compiling /pez_ws/install/pez_control/lib/python3.10/site-packages/pez_control/__init__.py to __init__.cpython-310.pyc
byte-compiling /pez_ws/install/pez_control/lib/python3.10/site-packages/pez_control/pez_joy.py to pez_joy.cpython-310.pyc
byte-compiling /pez_ws/install/pez_control/lib/python3.10/site-packages/pez_control/pez_axis_controller.py to pez_axis_controller.cpython-310.pyc
running install_data
copying resource/pez_control -> /pez_ws/install/pez_control/share/ament_index/resource_index/packages
copying package.xml -> /pez_ws/install/pez_control/share/pez_control
copying config/joystick_params.yaml -> /pez_ws/install/pez_control/share/pez_control/config
copying config/axis_params.yaml -> /pez_ws/install/pez_control/share/pez_control/config
copying config/pez.perspective -> /pez_ws/install/pez_control/share/pez_control/config
copying launch/joy_launch.py -> /pez_ws/install/pez_control/share/pez_control/launch
running install_egg_info
Copying ../../build/pez_control/pez_control.egg-info to /pez_ws/install/pez_control/lib/python3.10/site-packages/pez_control-0.1.0-py3.10.egg-info
running install_scripts
Installing axis_controller script to /pez_ws/install/pez_control/lib/pez_control
Installing pez_joy script to /pez_ws/install/pez_control/lib/pez_control
writing list of installed files to '/pez_ws/build/pez_control/install.log'
