[0.302s] Invoking command in '/pez_ws/build/pez_control': PYTHONPATH=/pez_ws/build/pez_control/prefix_override:/usr/lib/python3/dist-packages/colcon_core/task/python/colcon_distutils_commands:/pez_ws/install/pez_control/lib/python3.10/site-packages:${PYTHONPATH} /usr/bin/python3 -W ignore:setup.py install is deprecated -W ignore:easy_install command is deprecated setup.py develop --uninstall --editable --build-directory /pez_ws/build/pez_control/build
[0.432s] running develop
[0.477s] Removing /pez_ws/install/pez_control/lib/python3.10/site-packages/pez-control.egg-link (link to .)
[0.493s] Invoked command in '/pez_ws/build/pez_control' returned '0': PYTHONPATH=/pez_ws/build/pez_control/prefix_override:/usr/lib/python3/dist-packages/colcon_core/task/python/colcon_distutils_commands:/pez_ws/install/pez_control/lib/python3.10/site-packages:${PYTHONPATH} /usr/bin/python3 -W ignore:setup.py install is deprecated -W ignore:easy_install command is deprecated setup.py develop --uninstall --editable --build-directory /pez_ws/build/pez_control/build
[0.495s] Invoking command in '/pez_ws/src/pez_control': PYTHONPATH=/pez_ws/build/pez_control/prefix_override:/usr/lib/python3/dist-packages/colcon_core/task/python/colcon_distutils_commands:/pez_ws/install/pez_control/lib/python3.10/site-packages:${PYTHONPATH} /usr/bin/python3 -W ignore:setup.py install is deprecated -W ignore:easy_install command is deprecated setup.py egg_info --egg-base ../../build/pez_control build --build-base /pez_ws/build/pez_control/build install --record /pez_ws/build/pez_control/install.log --single-version-externally-managed install_data --force
[0.618s] running egg_info
[0.618s] writing ../../build/pez_control/pez_control.egg-info/PKG-INFO
[0.618s] writing dependency_links to ../../build/pez_control/pez_control.egg-info/dependency_links.txt
[0.619s] writing entry points to ../../build/pez_control/pez_control.egg-info/entry_points.txt
[0.619s] writing requirements to ../../build/pez_control/pez_control.egg-info/requires.txt
[0.619s] writing top-level names to ../../build/pez_control/pez_control.egg-info/top_level.txt
[0.623s] reading manifest file '../../build/pez_control/pez_control.egg-info/SOURCES.txt'
[0.625s] writing manifest file '../../build/pez_control/pez_control.egg-info/SOURCES.txt'
[0.625s] running build
[0.625s] running build_py
[0.626s] copying pez_control/pez_joy.py -> /pez_ws/build/pez_control/build/lib/pez_control
[0.626s] copying pez_control/pez_axis_controller.py -> /pez_ws/build/pez_control/build/lib/pez_control
[0.627s] running install
[0.627s] running install_lib
[0.628s] creating /pez_ws/install/pez_control/lib/python3.10/site-packages/pez_control
[0.628s] copying /pez_ws/build/pez_control/build/lib/pez_control/__init__.py -> /pez_ws/install/pez_control/lib/python3.10/site-packages/pez_control
[0.629s] copying /pez_ws/build/pez_control/build/lib/pez_control/pez_joy.py -> /pez_ws/install/pez_control/lib/python3.10/site-packages/pez_control
[0.630s] copying /pez_ws/build/pez_control/build/lib/pez_control/pez_axis_controller.py -> /pez_ws/install/pez_control/lib/python3.10/site-packages/pez_control
[0.631s] byte-compiling /pez_ws/install/pez_control/lib/python3.10/site-packages/pez_control/__init__.py to __init__.cpython-310.pyc
[0.632s] byte-compiling /pez_ws/install/pez_control/lib/python3.10/site-packages/pez_control/pez_joy.py to pez_joy.cpython-310.pyc
[0.634s] byte-compiling /pez_ws/install/pez_control/lib/python3.10/site-packages/pez_control/pez_axis_controller.py to pez_axis_controller.cpython-310.pyc
[0.634s] running install_data
[0.635s] copying resource/pez_control -> /pez_ws/install/pez_control/share/ament_index/resource_index/packages
[0.635s] copying package.xml -> /pez_ws/install/pez_control/share/pez_control
[0.636s] copying config/joystick_params.yaml -> /pez_ws/install/pez_control/share/pez_control/config
[0.636s] copying config/axis_params.yaml -> /pez_ws/install/pez_control/share/pez_control/config
[0.637s] copying config/pez.perspective -> /pez_ws/install/pez_control/share/pez_control/config
[0.638s] copying launch/joy_launch.py -> /pez_ws/install/pez_control/share/pez_control/launch
[0.639s] running install_egg_info
[0.640s] Copying ../../build/pez_control/pez_control.egg-info to /pez_ws/install/pez_control/lib/python3.10/site-packages/pez_control-0.1.0-py3.10.egg-info
[0.645s] running install_scripts
[0.657s] Installing axis_controller script to /pez_ws/install/pez_control/lib/pez_control
[0.658s] Installing pez_joy script to /pez_ws/install/pez_control/lib/pez_control
[0.658s] writing list of installed files to '/pez_ws/build/pez_control/install.log'
[0.673s] Invoked command in '/pez_ws/src/pez_control' returned '0': PYTHONPATH=/pez_ws/build/pez_control/prefix_override:/usr/lib/python3/dist-packages/colcon_core/task/python/colcon_distutils_commands:/pez_ws/install/pez_control/lib/python3.10/site-packages:${PYTHONPATH} /usr/bin/python3 -W ignore:setup.py install is deprecated -W ignore:easy_install command is deprecated setup.py egg_info --egg-base ../../build/pez_control build --build-base /pez_ws/build/pez_control/build install --record /pez_ws/build/pez_control/install.log --single-version-externally-managed install_data --force
